<?xml version="1.0" encoding="UTF-8"?>
<!-- Generated by org.testng.reporters.JUnitReportReporter -->
<testsuite hostname="LAPTOP-RGJ526NM" failures="0" tests="1" name="Testcases.SpecializationTest" time="68.973" errors="0" timestamp="2025-02-01T14:19:22 IST" skipped="0">
  <testcase classname="Testcases.SpecializationTest" name="verifyhoverSpecializationToprocessandAutomation" time="68.973"/>
</testsuite> <!-- Testcases.SpecializationTest -->
