<?xml version="1.0" encoding="UTF-8"?>
<!-- Generated by org.testng.reporters.JUnitReportReporter -->
<testsuite hostname="LAPTOP-RGJ526NM" failures="0" tests="1" name="Testcases.Title" time="15.200" errors="0" timestamp="2025-01-31T11:11:01 IST" skipped="0">
  <testcase classname="Testcases.Title" name="verifyDoesnotmatch" time="15.200"/>
</testsuite> <!-- Testcases.Title -->
