<?xml version="1.0" encoding="UTF-8"?>
<!-- Generated by org.testng.reporters.JUnitReportReporter -->
<testsuite hostname="LAPTOP-RGJ526NM" failures="0" tests="1" name="Testcases.ServicesTest" time="18.953" errors="0" timestamp="2025-02-01T14:06:50 IST" skipped="0">
  <testcase classname="Testcases.ServicesTest" name="verifyhoverTechnlogiesToDataAnalyticsurlmismatch" time="18.953"/>
</testsuite> <!-- Testcases.ServicesTest -->
