<?xml version="1.0" encoding="UTF-8"?>
<!-- Generated by org.testng.reporters.JUnitReportReporter -->
<testsuite hostname="LAPTOP-RGJ526NM" failures="0" tests="1" name="Testcases.AboutusTest" time="20.935" errors="0" timestamp="2025-01-31T18:25:44 IST" skipped="0">
  <testcase classname="Testcases.AboutusTest" name="verifyAboutUshoverNegative" time="20.935"/>
</testsuite> <!-- Testcases.AboutusTest -->
