<?xml version="1.0" encoding="UTF-8"?>
<!-- Generated by org.testng.reporters.JUnitReportReporter -->
<testsuite hostname="LAPTOP-RGJ526NM" failures="0" tests="2" name="Testcases.AboutUshover" time="24.508" errors="0" timestamp="2025-02-01T06:43:00 IST" skipped="0">
  <testcase classname="Testcases.AboutUshover" name="verifyAboutUshover" time="12.941"/>
  <testcase classname="Testcases.AboutUshover" name="verifyourvisionlinkmismatchpagetitile" time="11.567"/>
</testsuite> <!-- Testcases.AboutUshover -->
