<?xml version="1.0" encoding="UTF-8"?>
<!-- Generated by org.testng.reporters.JUnitReportReporter -->
<testsuite hostname="LAPTOP-RGJ526NM" failures="0" tests="1" name="Testcases.TechnologiesTest" time="16.481" errors="0" timestamp="2025-02-01T08:08:14 IST" skipped="0">
  <testcase classname="Testcases.TechnologiesTest" name="verifyhoverTechnlogiesToDataAnalyticsurlmismatch" time="16.481"/>
</testsuite> <!-- Testcases.TechnologiesTest -->
